<?xml version="1.0" encoding="UTF-8" ?>
<testsuite tests="10" failures="0" name="test.Selenium_Test" time="33.372" errors="0" skipped="0">
  <properties>
[...]
</properties>
  <testcase classname="test.Selenium_Test" name="test_1_1_WebSiteControl" time="11.521"/>
  <testcase classname="test.Selenium_Test" name="test_1_2_loginPageReadyControl" time="1.706"/>
  <testcase classname="test.Selenium_Test" name="test_1_3_loginControl" time="3.862"/>
  <testcase classname="test.Selenium_Test" name="test_1_4_searchControl" time="6.468"/>
  <testcase classname="test.Selenium_Test" name="test_1_5_clickPageAndPageTwoOpenedControl" time="5.863"/>
  <testcase classname="test.Selenium_Test" name="test_1_6_addThirdProductFavorite" time="0.283"/>
  <testcase classname="test.Selenium_Test" name="test_1_7_clickMyFavorite" time="2.889"/>
  <testcase classname="test.Selenium_Test" name="test_1_8_clickedFavoriteConfirmation" time="0.072"/>
  <testcase classname="test.Selenium_Test" name="test_1_9_deleteSelectedProduct" time="0.651"/>
  <testcase classname="test.Selenium_Test" name="test_2_1_checkDeletedFavorite" time="0.057"/>
</testsuite>